<?xml version="1.0" encoding="UTF-8"?>
<!-- Generated by org.testng.reporters.JUnitReportReporter -->
<testsuite hostname="DESKTOP-JJB5732" failures="0" tests="2" name="BTES_GiftShop.TestCases.demo1" time="6.951" errors="0" timestamp="2021-05-31T13:22:46 IST" skipped="0">
  <testcase classname="BTES_GiftShop.TestCases.demo1" name="url" time="3.706"/>
  <system-out/>
  <testcase classname="BTES_GiftShop.TestCases.demo1" name="title" time="3.245"/>
  <system-out/>
</testsuite> <!-- BTES_GiftShop.TestCases.demo1 -->
