<?xml version="1.0" encoding="UTF-8"?>
<!-- Generated by org.testng.reporters.JUnitReportReporter -->
<testsuite hostname="DESKTOP-JJB5732" failures="0" tests="5" name="BTES_GiftShop.TestCases.LoginPageTestCases" time="13.607" errors="0" timestamp="2021-05-31T15:52:21 IST" skipped="0">
  <testcase classname="BTES_GiftShop.TestCases.LoginPageTestCases" name="SignupBtnDisplayed" time="0.093"/>
  <system-out/>
  <testcase classname="BTES_GiftShop.TestCases.LoginPageTestCases" name="BackBtnDisplayed" time="0.085"/>
  <system-out/>
  <testcase classname="BTES_GiftShop.TestCases.LoginPageTestCases" name="EnterUsername" time="0.143"/>
  <system-out/>
  <testcase classname="BTES_GiftShop.TestCases.LoginPageTestCases" name="EnterPassword" time="0.104"/>
  <system-out/>
  <testcase classname="BTES_GiftShop.TestCases.LoginPageTestCases" name="EnterLoginBtn" time="13.182"/>
  <system-out/>
</testsuite> <!-- BTES_GiftShop.TestCases.LoginPageTestCases -->
